[16-May-2017 12:37:12 Asia/Seoul] PHP Fatal error:  Class 'ip' not found in /home/nfs/www/s1/login.php on line 5
[16-May-2017 12:37:33 Asia/Seoul] PHP Fatal error:  Call to undefined function debug() in /home/nfs/www/s1/bs.class.php on line 86
[16-May-2017 13:45:43 Asia/Seoul] PHP Fatal error:  Call to undefined function debug() in /home/nfs/www/s1/bs.class.php on line 93
[16-May-2017 16:13:55 Asia/Seoul] PHP Fatal error:  Call to undefined function getallheaders() in /home/nfs/www/s1/login.php on line 6
[16-May-2017 16:14:27 Asia/Seoul] PHP Fatal error:  Call to undefined function getallheaders() in /home/nfs/www/s1/b.php on line 6
[16-May-2017 16:55:34 Asia/Seoul] PHP Fatal error:  Call to undefined function getallheaders() in /home/nfs/www/s1/zip.php on line 6
[16-May-2017 16:58:11 Asia/Seoul] PHP Fatal error:  Call to undefined function getallheaders() in /home/nfs/www/s1/bs.class.php on line 24
[16-May-2017 17:00:28 Asia/Seoul] PHP Fatal error:  Call to undefined method ip::vtoken() in /home/nfs/www/s1/zip.php on line 8
[16-May-2017 17:02:18 Asia/Seoul] PHP Fatal error:  Call to undefined function getPost() in /home/nfs/www/s1/zip.php on line 12
[16-May-2017 17:03:15 Asia/Seoul] PHP Fatal error:  Call to undefined function tkchk() in /home/nfs/www/s1/zip.php on line 23
[17-May-2017 17:17:53 Asia/Seoul] PHP Fatal error:  Uncaught exception 'Firebase\JWT\SignatureInvalidException' with message 'Signature verification failed' in /home/nfs/vendor/firebase/php-jwt/src/JWT.php:109
Stack trace:
#0 /home/nfs/www/s1/trans.php(24): Firebase\JWT\JWT::decode('eyJ0eXAiOiJKV1Q...', 'example_key1', Array)
#1 {main}
  thrown in /home/nfs/vendor/firebase/php-jwt/src/JWT.php on line 109
[22-May-2017 17:42:53 Asia/Seoul] PHP Fatal error:  Using $this when not in object context in /home/nfs/www/s1/bs.class.php on line 150
[22-May-2017 17:50:46 Asia/Seoul] PHP Fatal error:  Call to a member function channel() on a non-object in /home/nfs/www/s1/bs.class.php on line 80
[22-May-2017 17:51:24 Asia/Seoul] PHP Fatal error:  Call to a member function basic_publish() on a non-object in /home/nfs/www/s1/bs.class.php on line 161
[26-May-2017 14:23:43 Asia/Pyongyang] PHP Fatal error:  Uncaught Error: Call to undefined method MongoClient::withOptions() in /home/nfs/vendor/alcaeus/mongo-php-adapter/lib/Mongo/MongoDB.php:515
Stack trace:
#0 /home/nfs/vendor/alcaeus/mongo-php-adapter/lib/Mongo/MongoDB.php(72): MongoDB->createDatabaseObject()
#1 /home/nfs/www/s1/bs.class.php(245): MongoDB->__construct(Object(MongoClient), 'insta')
#2 /home/nfs/www/s1/store.php(8): mx->__construct()
#3 {main}
  thrown in /home/nfs/vendor/alcaeus/mongo-php-adapter/lib/Mongo/MongoDB.php on line 515
[26-May-2017 14:31:33 Asia/Pyongyang] PHP Fatal error:  Uncaught Error: Call to a member function find() on null in /home/nfs/www/s1/z1.php:36
Stack trace:
#0 /home/nfs/www/s1/z1.php(56): mx->vtoken('b20kh-ku17j-05a...')
#1 {main}
  thrown in /home/nfs/www/s1/z1.php on line 36
[30-May-2017 16:35:32 Asia/Seoul] PHP Fatal error:  Call to undefined function getallheaders() in /home/nfs/www/s1/b.php on line 6
[30-May-2017 16:42:59 Asia/Seoul] PHP Fatal error:  Uncaught exception 'MongoCursorException' with message '10.0.75.143:27017: E11000 duplicate key error index: insta.stores.$hash_1  dup key: { : "09d5db61e3502dbcc198db44bd6ffa8fb105a4151b8b6e3f575fb64d0662e35b" }' in /home/nfs/www/s1/b.php:24
Stack trace:
#0 /home/nfs/www/s1/b.php(24): MongoCollection->insert(Array)
#1 {main}
  thrown in /home/nfs/www/s1/b.php on line 24
[31-May-2017 12:45:16 Asia/Seoul] PHP Fatal error:  Class 'Response' not found in /home/nfs/www/s1/qr.php on line 64
